{"/home/thneves/Projects/Microverse/JavaScript/Final/Local-Hero/src/Model.js": {"path":"/home/thneves/Projects/Microverse/JavaScript/Final/Local-Hero/src/Model.js","statementMap":{"0":{"start":{"line":3,"column":4},"end":{"line":3,"column":25}},"1":{"start":{"line":4,"column":4},"end":{"line":4,"column":25}},"2":{"start":{"line":5,"column":4},"end":{"line":5,"column":33}},"3":{"start":{"line":9,"column":4},"end":{"line":9,"column":26}},"4":{"start":{"line":13,"column":4},"end":{"line":13,"column":25}},"5":{"start":{"line":17,"column":4},"end":{"line":17,"column":26}},"6":{"start":{"line":21,"column":4},"end":{"line":21,"column":25}},"7":{"start":{"line":25,"column":4},"end":{"line":25,"column":33}},"8":{"start":{"line":29,"column":4},"end":{"line":29,"column":32}}},"fnMap":{"0":{"name":"(anonymous_0)","decl":{"start":{"line":2,"column":2},"end":{"line":2,"column":3}},"loc":{"start":{"line":2,"column":16},"end":{"line":6,"column":3}},"line":2},"1":{"name":"(anonymous_1)","decl":{"start":{"line":8,"column":2},"end":{"line":8,"column":3}},"loc":{"start":{"line":8,"column":21},"end":{"line":10,"column":3}},"line":8},"2":{"name":"(anonymous_2)","decl":{"start":{"line":12,"column":2},"end":{"line":12,"column":3}},"loc":{"start":{"line":12,"column":16},"end":{"line":14,"column":3}},"line":12},"3":{"name":"(anonymous_3)","decl":{"start":{"line":16,"column":2},"end":{"line":16,"column":3}},"loc":{"start":{"line":16,"column":21},"end":{"line":18,"column":3}},"line":16},"4":{"name":"(anonymous_4)","decl":{"start":{"line":20,"column":2},"end":{"line":20,"column":3}},"loc":{"start":{"line":20,"column":16},"end":{"line":22,"column":3}},"line":20},"5":{"name":"(anonymous_5)","decl":{"start":{"line":24,"column":2},"end":{"line":24,"column":3}},"loc":{"start":{"line":24,"column":28},"end":{"line":26,"column":3}},"line":24},"6":{"name":"(anonymous_6)","decl":{"start":{"line":28,"column":2},"end":{"line":28,"column":3}},"loc":{"start":{"line":28,"column":23},"end":{"line":30,"column":3}},"line":28}},"branchMap":{},"s":{"0":0,"1":0,"2":0,"3":0,"4":0,"5":0,"6":0,"7":0,"8":0},"f":{"0":0,"1":0,"2":0,"3":0,"4":0,"5":0,"6":0},"b":{},"_coverageSchema":"1a1c01bbd47fc00a2c39e90264f33305004495a9","hash":"e0df667b009962a012725fe0b9a185efdfe1f08d"}
,"/home/thneves/Projects/Microverse/JavaScript/Final/Local-Hero/src/config/scoresAPI.js": {"path":"/home/thneves/Projects/Microverse/JavaScript/Final/Local-Hero/src/config/scoresAPI.js","statementMap":{"0":{"start":{"line":3,"column":14},"end":{"line":3,"column":35}},"1":{"start":{"line":5,"column":18},"end":{"line":19,"column":1}},"2":{"start":{"line":6,"column":2},"end":{"line":18,"column":3}},"3":{"start":{"line":7,"column":20},"end":{"line":13,"column":6}},"4":{"start":{"line":14,"column":21},"end":{"line":14,"column":41}},"5":{"start":{"line":15,"column":4},"end":{"line":15,"column":20}},"6":{"start":{"line":17,"column":4},"end":{"line":17,"column":46}},"7":{"start":{"line":21,"column":18},"end":{"line":40,"column":1}},"8":{"start":{"line":22,"column":21},"end":{"line":22,"column":23}},"9":{"start":{"line":23,"column":2},"end":{"line":39,"column":3}},"10":{"start":{"line":24,"column":20},"end":{"line":30,"column":6}},"11":{"start":{"line":31,"column":21},"end":{"line":31,"column":41}},"12":{"start":{"line":32,"column":17},"end":{"line":32,"column":32}},"13":{"start":{"line":33,"column":4},"end":{"line":35,"column":7}},"14":{"start":{"line":34,"column":6},"end":{"line":34,"column":48}},"15":{"start":{"line":36,"column":4},"end":{"line":36,"column":22}},"16":{"start":{"line":38,"column":4},"end":{"line":38,"column":46}}},"fnMap":{"0":{"name":"(anonymous_0)","decl":{"start":{"line":5,"column":18},"end":{"line":5,"column":19}},"loc":{"start":{"line":5,"column":43},"end":{"line":19,"column":1}},"line":5},"1":{"name":"(anonymous_1)","decl":{"start":{"line":21,"column":18},"end":{"line":21,"column":19}},"loc":{"start":{"line":21,"column":30},"end":{"line":40,"column":1}},"line":21},"2":{"name":"(anonymous_2)","decl":{"start":{"line":33,"column":17},"end":{"line":33,"column":18}},"loc":{"start":{"line":33,"column":26},"end":{"line":35,"column":5}},"line":33}},"branchMap":{},"s":{"0":1,"1":1,"2":1,"3":1,"4":1,"5":1,"6":0,"7":1,"8":1,"9":1,"10":1,"11":1,"12":1,"13":1,"14":24,"15":1,"16":0},"f":{"0":1,"1":1,"2":24},"b":{},"_coverageSchema":"1a1c01bbd47fc00a2c39e90264f33305004495a9","hash":"9fc81abb0213160d1b64b7e04ac3a59019bb9916"}
,"/home/thneves/Projects/Microverse/JavaScript/Final/Local-Hero/src/entities/Chaser.js": {"path":"/home/thneves/Projects/Microverse/JavaScript/Final/Local-Hero/src/entities/Chaser.js","statementMap":{"0":{"start":{"line":5,"column":4},"end":{"line":5,"column":45}},"1":{"start":{"line":6,"column":4},"end":{"line":6,"column":56}},"2":{"start":{"line":8,"column":4},"end":{"line":11,"column":6}},"3":{"start":{"line":12,"column":4},"end":{"line":12,"column":39}},"4":{"start":{"line":13,"column":4},"end":{"line":13,"column":20}},"5":{"start":{"line":17,"column":4},"end":{"line":46,"column":5}},"6":{"start":{"line":18,"column":6},"end":{"line":26,"column":7}},"7":{"start":{"line":25,"column":8},"end":{"line":25,"column":39}},"8":{"start":{"line":28,"column":6},"end":{"line":39,"column":7}},"9":{"start":{"line":29,"column":17},"end":{"line":29,"column":45}},"10":{"start":{"line":30,"column":17},"end":{"line":30,"column":45}},"11":{"start":{"line":32,"column":20},"end":{"line":32,"column":38}},"12":{"start":{"line":34,"column":20},"end":{"line":34,"column":23}},"13":{"start":{"line":35,"column":8},"end":{"line":38,"column":10}},"14":{"start":{"line":41,"column":6},"end":{"line":45,"column":7}},"15":{"start":{"line":42,"column":8},"end":{"line":42,"column":24}},"16":{"start":{"line":44,"column":8},"end":{"line":44,"column":24}}},"fnMap":{"0":{"name":"(anonymous_0)","decl":{"start":{"line":4,"column":2},"end":{"line":4,"column":3}},"loc":{"start":{"line":4,"column":27},"end":{"line":14,"column":3}},"line":4},"1":{"name":"(anonymous_1)","decl":{"start":{"line":16,"column":2},"end":{"line":16,"column":3}},"loc":{"start":{"line":16,"column":11},"end":{"line":47,"column":3}},"line":16}},"branchMap":{"0":{"loc":{"start":{"line":17,"column":4},"end":{"line":46,"column":5}},"type":"if","locations":[{"start":{"line":17,"column":4},"end":{"line":46,"column":5}},{"start":{"line":17,"column":4},"end":{"line":46,"column":5}}],"line":17},"1":{"loc":{"start":{"line":17,"column":8},"end":{"line":17,"column":52}},"type":"binary-expr","locations":[{"start":{"line":17,"column":8},"end":{"line":17,"column":31}},{"start":{"line":17,"column":35},"end":{"line":17,"column":52}}],"line":17},"2":{"loc":{"start":{"line":18,"column":6},"end":{"line":26,"column":7}},"type":"if","locations":[{"start":{"line":18,"column":6},"end":{"line":26,"column":7}},{"start":{"line":18,"column":6},"end":{"line":26,"column":7}}],"line":18},"3":{"loc":{"start":{"line":28,"column":6},"end":{"line":39,"column":7}},"type":"if","locations":[{"start":{"line":28,"column":6},"end":{"line":39,"column":7}},{"start":{"line":28,"column":6},"end":{"line":39,"column":7}}],"line":28},"4":{"loc":{"start":{"line":41,"column":6},"end":{"line":45,"column":7}},"type":"if","locations":[{"start":{"line":41,"column":6},"end":{"line":45,"column":7}},{"start":{"line":41,"column":6},"end":{"line":45,"column":7}}],"line":41}},"s":{"0":0,"1":0,"2":0,"3":0,"4":0,"5":0,"6":0,"7":0,"8":0,"9":0,"10":0,"11":0,"12":0,"13":0,"14":0,"15":0,"16":0},"f":{"0":0,"1":0},"b":{"0":[0,0],"1":[0,0],"2":[0,0],"3":[0,0],"4":[0,0]},"_coverageSchema":"1a1c01bbd47fc00a2c39e90264f33305004495a9","hash":"b95b2975db7b368022cc0ac894da32c3995e7957"}
,"/home/thneves/Projects/Microverse/JavaScript/Final/Local-Hero/src/entities/EnemyLaser.js": {"path":"/home/thneves/Projects/Microverse/JavaScript/Final/Local-Hero/src/entities/EnemyLaser.js","statementMap":{"0":{"start":{"line":5,"column":4},"end":{"line":5,"column":40}},"1":{"start":{"line":6,"column":4},"end":{"line":6,"column":31}}},"fnMap":{"0":{"name":"(anonymous_0)","decl":{"start":{"line":4,"column":2},"end":{"line":4,"column":3}},"loc":{"start":{"line":4,"column":27},"end":{"line":7,"column":3}},"line":4}},"branchMap":{},"s":{"0":0,"1":0},"f":{"0":0},"b":{},"_coverageSchema":"1a1c01bbd47fc00a2c39e90264f33305004495a9","hash":"cfa8ec3d5d794b043de7fe7dc63eef8415ec90bf"}
,"/home/thneves/Projects/Microverse/JavaScript/Final/Local-Hero/src/entities/Entities.js": {"path":"/home/thneves/Projects/Microverse/JavaScript/Final/Local-Hero/src/entities/Entities.js","statementMap":{"0":{"start":{"line":5,"column":4},"end":{"line":5,"column":28}},"1":{"start":{"line":7,"column":4},"end":{"line":7,"column":23}},"2":{"start":{"line":8,"column":4},"end":{"line":8,"column":34}},"3":{"start":{"line":9,"column":4},"end":{"line":9,"column":49}},"4":{"start":{"line":10,"column":4},"end":{"line":10,"column":31}},"5":{"start":{"line":11,"column":4},"end":{"line":11,"column":34}},"6":{"start":{"line":15,"column":4},"end":{"line":42,"column":5}},"7":{"start":{"line":17,"column":6},"end":{"line":17,"column":38}},"8":{"start":{"line":18,"column":6},"end":{"line":18,"column":32}},"9":{"start":{"line":21,"column":6},"end":{"line":21,"column":100}},"10":{"start":{"line":23,"column":6},"end":{"line":27,"column":7}},"11":{"start":{"line":24,"column":8},"end":{"line":26,"column":9}},"12":{"start":{"line":25,"column":10},"end":{"line":25,"column":40}},"13":{"start":{"line":29,"column":6},"end":{"line":29,"column":23}},"14":{"start":{"line":30,"column":6},"end":{"line":30,"column":34}},"15":{"start":{"line":32,"column":6},"end":{"line":39,"column":15}},"16":{"start":{"line":33,"column":8},"end":{"line":38,"column":9}},"17":{"start":{"line":34,"column":10},"end":{"line":34,"column":25}},"18":{"start":{"line":37,"column":10},"end":{"line":37,"column":33}},"19":{"start":{"line":41,"column":6},"end":{"line":41,"column":35}}},"fnMap":{"0":{"name":"(anonymous_0)","decl":{"start":{"line":4,"column":2},"end":{"line":4,"column":3}},"loc":{"start":{"line":4,"column":37},"end":{"line":12,"column":3}},"line":4},"1":{"name":"(anonymous_1)","decl":{"start":{"line":14,"column":2},"end":{"line":14,"column":3}},"loc":{"start":{"line":14,"column":22},"end":{"line":43,"column":3}},"line":14},"2":{"name":"(anonymous_2)","decl":{"start":{"line":32,"column":35},"end":{"line":32,"column":36}},"loc":{"start":{"line":32,"column":46},"end":{"line":39,"column":7}},"line":32}},"branchMap":{"0":{"loc":{"start":{"line":15,"column":4},"end":{"line":42,"column":5}},"type":"if","locations":[{"start":{"line":15,"column":4},"end":{"line":42,"column":5}},{"start":{"line":15,"column":4},"end":{"line":42,"column":5}}],"line":15},"1":{"loc":{"start":{"line":23,"column":6},"end":{"line":27,"column":7}},"type":"if","locations":[{"start":{"line":23,"column":6},"end":{"line":27,"column":7}},{"start":{"line":23,"column":6},"end":{"line":27,"column":7}}],"line":23},"2":{"loc":{"start":{"line":24,"column":8},"end":{"line":26,"column":9}},"type":"if","locations":[{"start":{"line":24,"column":8},"end":{"line":26,"column":9}},{"start":{"line":24,"column":8},"end":{"line":26,"column":9}}],"line":24},"3":{"loc":{"start":{"line":33,"column":8},"end":{"line":38,"column":9}},"type":"if","locations":[{"start":{"line":33,"column":8},"end":{"line":38,"column":9}},{"start":{"line":33,"column":8},"end":{"line":38,"column":9}}],"line":33}},"s":{"0":0,"1":0,"2":0,"3":0,"4":0,"5":0,"6":0,"7":0,"8":0,"9":0,"10":0,"11":0,"12":0,"13":0,"14":0,"15":0,"16":0,"17":0,"18":0,"19":0},"f":{"0":0,"1":0,"2":0},"b":{"0":[0,0],"1":[0,0],"2":[0,0],"3":[0,0]},"_coverageSchema":"1a1c01bbd47fc00a2c39e90264f33305004495a9","hash":"90453040b878c403f5600ee6dae0c5c20f4733db"}
,"/home/thneves/Projects/Microverse/JavaScript/Final/Local-Hero/src/entities/GunShip.js": {"path":"/home/thneves/Projects/Microverse/JavaScript/Final/Local-Hero/src/entities/GunShip.js","statementMap":{"0":{"start":{"line":7,"column":4},"end":{"line":7,"column":47}},"1":{"start":{"line":8,"column":6},"end":{"line":8,"column":29}},"2":{"start":{"line":9,"column":6},"end":{"line":9,"column":32}},"3":{"start":{"line":10,"column":6},"end":{"line":10,"column":22}},"4":{"start":{"line":12,"column":6},"end":{"line":25,"column":9}},"5":{"start":{"line":15,"column":22},"end":{"line":19,"column":11}},"6":{"start":{"line":20,"column":10},"end":{"line":20,"column":38}},"7":{"start":{"line":21,"column":10},"end":{"line":21,"column":44}},"8":{"start":{"line":29,"column":4},"end":{"line":33,"column":5}},"9":{"start":{"line":30,"column":6},"end":{"line":32,"column":7}},"10":{"start":{"line":31,"column":8},"end":{"line":31,"column":38}}},"fnMap":{"0":{"name":"(anonymous_0)","decl":{"start":{"line":6,"column":2},"end":{"line":6,"column":3}},"loc":{"start":{"line":6,"column":27},"end":{"line":26,"column":3}},"line":6},"1":{"name":"(anonymous_1)","decl":{"start":{"line":14,"column":18},"end":{"line":14,"column":19}},"loc":{"start":{"line":14,"column":29},"end":{"line":22,"column":9}},"line":14},"2":{"name":"(anonymous_2)","decl":{"start":{"line":28,"column":2},"end":{"line":28,"column":3}},"loc":{"start":{"line":28,"column":14},"end":{"line":34,"column":3}},"line":28}},"branchMap":{"0":{"loc":{"start":{"line":29,"column":4},"end":{"line":33,"column":5}},"type":"if","locations":[{"start":{"line":29,"column":4},"end":{"line":33,"column":5}},{"start":{"line":29,"column":4},"end":{"line":33,"column":5}}],"line":29},"1":{"loc":{"start":{"line":30,"column":6},"end":{"line":32,"column":7}},"type":"if","locations":[{"start":{"line":30,"column":6},"end":{"line":32,"column":7}},{"start":{"line":30,"column":6},"end":{"line":32,"column":7}}],"line":30}},"s":{"0":0,"1":0,"2":0,"3":0,"4":0,"5":0,"6":0,"7":0,"8":0,"9":0,"10":0},"f":{"0":0,"1":0,"2":0},"b":{"0":[0,0],"1":[0,0]},"_coverageSchema":"1a1c01bbd47fc00a2c39e90264f33305004495a9","hash":"8072cb9734762bd59781e9160768e60a5b161003"}
,"/home/thneves/Projects/Microverse/JavaScript/Final/Local-Hero/src/entities/Player.js": {"path":"/home/thneves/Projects/Microverse/JavaScript/Final/Local-Hero/src/entities/Player.js","statementMap":{"0":{"start":{"line":7,"column":4},"end":{"line":7,"column":38}},"1":{"start":{"line":8,"column":4},"end":{"line":8,"column":31}},"2":{"start":{"line":9,"column":4},"end":{"line":9,"column":27}},"3":{"start":{"line":10,"column":4},"end":{"line":10,"column":38}},"4":{"start":{"line":11,"column":4},"end":{"line":11,"column":40}},"5":{"start":{"line":12,"column":4},"end":{"line":12,"column":72}},"6":{"start":{"line":16,"column":4},"end":{"line":16,"column":50}},"7":{"start":{"line":20,"column":4},"end":{"line":20,"column":49}},"8":{"start":{"line":24,"column":4},"end":{"line":24,"column":50}},"9":{"start":{"line":28,"column":4},"end":{"line":28,"column":49}},"10":{"start":{"line":32,"column":4},"end":{"line":39,"column":6}},"11":{"start":{"line":35,"column":8},"end":{"line":35,"column":48}},"12":{"start":{"line":43,"column":4},"end":{"line":43,"column":32}},"13":{"start":{"line":45,"column":4},"end":{"line":45,"column":72}},"14":{"start":{"line":46,"column":4},"end":{"line":46,"column":73}},"15":{"start":{"line":48,"column":4},"end":{"line":59,"column":5}},"16":{"start":{"line":49,"column":6},"end":{"line":58,"column":7}},"17":{"start":{"line":50,"column":8},"end":{"line":50,"column":75}},"18":{"start":{"line":53,"column":20},"end":{"line":53,"column":64}},"19":{"start":{"line":54,"column":8},"end":{"line":54,"column":43}},"20":{"start":{"line":56,"column":8},"end":{"line":56,"column":36}},"21":{"start":{"line":57,"column":8},"end":{"line":57,"column":41}}},"fnMap":{"0":{"name":"(anonymous_0)","decl":{"start":{"line":6,"column":2},"end":{"line":6,"column":3}},"loc":{"start":{"line":6,"column":31},"end":{"line":13,"column":3}},"line":6},"1":{"name":"(anonymous_1)","decl":{"start":{"line":15,"column":2},"end":{"line":15,"column":3}},"loc":{"start":{"line":15,"column":11},"end":{"line":17,"column":3}},"line":15},"2":{"name":"(anonymous_2)","decl":{"start":{"line":19,"column":2},"end":{"line":19,"column":3}},"loc":{"start":{"line":19,"column":13},"end":{"line":21,"column":3}},"line":19},"3":{"name":"(anonymous_3)","decl":{"start":{"line":23,"column":2},"end":{"line":23,"column":3}},"loc":{"start":{"line":23,"column":13},"end":{"line":25,"column":3}},"line":23},"4":{"name":"(anonymous_4)","decl":{"start":{"line":27,"column":2},"end":{"line":27,"column":3}},"loc":{"start":{"line":27,"column":14},"end":{"line":29,"column":3}},"line":27},"5":{"name":"(anonymous_5)","decl":{"start":{"line":31,"column":2},"end":{"line":31,"column":3}},"loc":{"start":{"line":31,"column":14},"end":{"line":40,"column":3}},"line":31},"6":{"name":"(anonymous_6)","decl":{"start":{"line":34,"column":16},"end":{"line":34,"column":17}},"loc":{"start":{"line":34,"column":26},"end":{"line":36,"column":7}},"line":34},"7":{"name":"(anonymous_7)","decl":{"start":{"line":42,"column":2},"end":{"line":42,"column":3}},"loc":{"start":{"line":42,"column":11},"end":{"line":60,"column":3}},"line":42}},"branchMap":{"0":{"loc":{"start":{"line":48,"column":4},"end":{"line":59,"column":5}},"type":"if","locations":[{"start":{"line":48,"column":4},"end":{"line":59,"column":5}},{"start":{"line":48,"column":4},"end":{"line":59,"column":5}}],"line":48},"1":{"loc":{"start":{"line":49,"column":6},"end":{"line":58,"column":7}},"type":"if","locations":[{"start":{"line":49,"column":6},"end":{"line":58,"column":7}},{"start":{"line":49,"column":6},"end":{"line":58,"column":7}}],"line":49}},"s":{"0":0,"1":0,"2":0,"3":0,"4":0,"5":0,"6":0,"7":0,"8":0,"9":0,"10":0,"11":0,"12":0,"13":0,"14":0,"15":0,"16":0,"17":0,"18":0,"19":0,"20":0,"21":0},"f":{"0":0,"1":0,"2":0,"3":0,"4":0,"5":0,"6":0,"7":0},"b":{"0":[0,0],"1":[0,0]},"_coverageSchema":"1a1c01bbd47fc00a2c39e90264f33305004495a9","hash":"8ef143a1e2c4b9f34a39f83ae4d082e5ddfee841"}
,"/home/thneves/Projects/Microverse/JavaScript/Final/Local-Hero/src/entities/PlayerArrow.js": {"path":"/home/thneves/Projects/Microverse/JavaScript/Final/Local-Hero/src/entities/PlayerArrow.js","statementMap":{"0":{"start":{"line":5,"column":4},"end":{"line":5,"column":41}},"1":{"start":{"line":6,"column":4},"end":{"line":6,"column":32}}},"fnMap":{"0":{"name":"(anonymous_0)","decl":{"start":{"line":4,"column":2},"end":{"line":4,"column":3}},"loc":{"start":{"line":4,"column":27},"end":{"line":7,"column":3}},"line":4}},"branchMap":{},"s":{"0":0,"1":0},"f":{"0":0},"b":{},"_coverageSchema":"1a1c01bbd47fc00a2c39e90264f33305004495a9","hash":"7fda18e9af5773424647d3b4b058cf013347f012"}
,"/home/thneves/Projects/Microverse/JavaScript/Final/Local-Hero/src/entities/Submarine.js": {"path":"/home/thneves/Projects/Microverse/JavaScript/Final/Local-Hero/src/entities/Submarine.js","statementMap":{"0":{"start":{"line":6,"column":4},"end":{"line":6,"column":51}},"1":{"start":{"line":7,"column":4},"end":{"line":7,"column":27}},"2":{"start":{"line":8,"column":4},"end":{"line":8,"column":56}},"3":{"start":{"line":9,"column":4},"end":{"line":9,"column":20}}},"fnMap":{"0":{"name":"(anonymous_0)","decl":{"start":{"line":5,"column":2},"end":{"line":5,"column":3}},"loc":{"start":{"line":5,"column":26},"end":{"line":10,"column":3}},"line":5}},"branchMap":{},"s":{"0":0,"1":0,"2":0,"3":0},"f":{"0":0},"b":{},"_coverageSchema":"1a1c01bbd47fc00a2c39e90264f33305004495a9","hash":"d6e8a70623ba1841920d059d73b7be2d13393a31"}
}
